#RULE 1 : d9454f1d3c279a7e7be4193ff54730cb -> 6ff714df00ac652ad9ed2332508d227b if OK
#target:_obuild/arboviz_lib/Util.mlmods
#source:src/Util.ml 2049.1064242.1424100643
#command: '/home/aram/.opam/4.02.1/bin/ocamldep.opt' '-modules' '-I' './_obuild/arboviz_lib' '-I' './src' 'src/Util.ml'
#CACHE was 6ff714df00ac652ad9ed2332508d227b
#NO NEED FOR EXECUTION CONFIRMED
#RULE 4 : d695d0e42f5b265cdeea83b99018c4a0 -> cbb6c72c6e5b8f8a68b90bf05687c568 if OK
#target:_obuild/arboviz_lib/Util.cmi
#target:_obuild/arboviz_lib/Util.cmo
#source:src/Util.ml 2049.1064242.1424100643
#source:_obuild/arboviz_lib/Util.mlmods ok 0.0.0
#command: '/home/aram/.opam/4.02.1/bin/ocamlc.opt' '-g' '-bin-annot' '-c' '-o' '${temp}/Util.cmo' '-I' './_obuild/arboviz_lib' '-I' './src' 'src/Util.ml'
#move: ${temp}/Util.cmi _obuild/arboviz_lib/Util.cmi
#move: ${temp}/Util.cmo _obuild/arboviz_lib/Util.cmo
#CACHE was cbb6c72c6e5b8f8a68b90bf05687c568
#NO NEED FOR EXECUTION CONFIRMED
#RULE 5 : 1907729c14d92dffc5b1ef953141b73a -> 5f1e3a3993f0078b38a261b4673eff46 if OK
#target:_obuild/arboviz_lib/Util.cmi
#target:_obuild/arboviz_lib/Util.cmx
#target:_obuild/arboviz_lib/Util.o
#source:src/Util.ml 2049.1064242.1424100643
#source:_obuild/arboviz_lib/Util.mlmods ok 0.0.0
#command: '/home/aram/.opam/4.02.1/bin/ocamlopt.opt' '-g' '-bin-annot' '-c' '-o' '${temp}/Util.cmx' '-I' './_obuild/arboviz_lib' '-I' './src' 'src/Util.ml'
#move: ${temp}/Util.cmi _obuild/arboviz_lib/Util.cmi
#move: ${temp}/Util.cmx _obuild/arboviz_lib/Util.cmx
#move: ${temp}/Util.o _obuild/arboviz_lib/Util.o
#CACHE was 5f1e3a3993f0078b38a261b4673eff46
#NO NEED FOR EXECUTION CONFIRMED
#RULE 6 : 555e629c83e780daf770e022a26deb09 -> 1d05995a89fbfe170ddb4eb288dd8be4 if OK
#target:_obuild/arboviz_lib/MyQueue.mlmods
#source:src/MyQueue.ml 2049.1051485.1424729424
#command: '/home/aram/.opam/4.02.1/bin/ocamldep.opt' '-modules' '-I' './_obuild/arboviz_lib' '-I' './src' 'src/MyQueue.ml'
#CACHE was 1d05995a89fbfe170ddb4eb288dd8be4
#NO NEED FOR EXECUTION CONFIRMED
#RULE 9 : 6f3f7a928aabf6d16c35eb4859ae1e6b -> 1be0d5512472cb35a89d7c8a19542bff if OK
#target:_obuild/arboviz_lib/MyQueue.mlimods
#source:src/MyQueue.mli 2049.1051899.1424788912
#command: '/home/aram/.opam/4.02.1/bin/ocamldep.opt' '-modules' '-I' './_obuild/arboviz_lib' '-I' './src' 'src/MyQueue.mli'
#CACHE was 1be0d5512472cb35a89d7c8a19542bff
#NO NEED FOR EXECUTION CONFIRMED
#RULE 12 : 5010a275ba501d65185cd8eea5d76a69 -> 71548d98e2e5db9c445b900d593eb1ab if OK
#target:_obuild/arboviz_lib/MyQueue.cmi
#source:src/MyQueue.mli 2049.1051899.1424788912
#source:_obuild/arboviz_lib/MyQueue.mlimods ok 0.0.0
#command: '/home/aram/.opam/4.02.1/bin/ocamlc.opt' '-g' '-bin-annot' '-c' '-o' 'src/MyQueue.cmi' '-I' './_obuild/arboviz_lib' '-I' './src' 'src/MyQueue.mli'
#move: src/MyQueue.cmi _obuild/arboviz_lib/MyQueue.cmi
#CACHE was 71548d98e2e5db9c445b900d593eb1ab
#NO NEED FOR EXECUTION CONFIRMED
#RULE 13 : 4e4d40e4e245ffe740353237763f0141 -> 55684175fda333676d032fdded47b70d if OK
#target:_obuild/arboviz_lib/MyQueue.cmo
#source:src/MyQueue.ml 2049.1051485.1424729424
#source:_obuild/arboviz_lib/MyQueue.mlmods ok 0.0.0
#source:_obuild/arboviz_lib/MyQueue.cmi 2049.1052011.1424788978
#command: '/home/aram/.opam/4.02.1/bin/ocamlc.opt' '-g' '-bin-annot' '-c' '-o' '${temp}/MyQueue.cmo' '-I' './_obuild/arboviz_lib' '-I' './src' 'src/MyQueue.ml'
#move: ${temp}/MyQueue.cmo _obuild/arboviz_lib/MyQueue.cmo
#CACHE was 55684175fda333676d032fdded47b70d
#NO NEED FOR EXECUTION CONFIRMED
#RULE 14 : e2b9464cb2587ff6cc587bab9cc5a64e -> d78df8f58233e96c8d4d9ec3d5c4cacb if OK
#target:_obuild/arboviz_lib/MyQueue.cmx
#target:_obuild/arboviz_lib/MyQueue.o
#source:src/MyQueue.ml 2049.1051485.1424729424
#source:_obuild/arboviz_lib/MyQueue.mlmods ok 0.0.0
#source:_obuild/arboviz_lib/MyQueue.cmi 2049.1052011.1424788978
#command: '/home/aram/.opam/4.02.1/bin/ocamlopt.opt' '-g' '-bin-annot' '-c' '-o' '${temp}/MyQueue.cmx' '-I' './_obuild/arboviz_lib' '-I' './src' 'src/MyQueue.ml'
#move: ${temp}/MyQueue.cmx _obuild/arboviz_lib/MyQueue.cmx
#move: ${temp}/MyQueue.o _obuild/arboviz_lib/MyQueue.o
#CACHE was d78df8f58233e96c8d4d9ec3d5c4cacb
#NO NEED FOR EXECUTION CONFIRMED
#RULE 15 : 75302501b4885233b31e0d7c37214180 -> 827b067187585be06cb27cc36501c0aa if OK
#target:_obuild/arboviz_lib/Tree.mlmods
#source:src/Tree.ml 2049.1051746.1424791387
#command: '/home/aram/.opam/4.02.1/bin/ocamldep.opt' '-modules' '-I' './_obuild/arboviz_lib' '-I' './src' 'src/Tree.ml'
#CACHE was 827b067187585be06cb27cc36501c0aa
#NO NEED FOR EXECUTION CONFIRMED
#RULE 18 : 240481649466c0af9ea92bfb41fb4974 -> 8c2792fb75f896d5737cee326fdadd74 if OK
#target:_obuild/arboviz_lib/Tree.cmi
#target:_obuild/arboviz_lib/Tree.cmo
#source:_obuild/arboviz_lib/Util.cmo 2049.1051739.1424690772
#source:_obuild/arboviz_lib/MyQueue.cmi 2049.1052011.1424788978
#source:src/Tree.ml 2049.1051746.1424791387
#source:_obuild/arboviz_lib/Tree.mlmods ok 0.0.0
#command: '/home/aram/.opam/4.02.1/bin/ocamlc.opt' '-g' '-bin-annot' '-c' '-o' '${temp}/Tree.cmo' '-I' './_obuild/arboviz_lib' '-I' './src' 'src/Tree.ml'
#move: ${temp}/Tree.cmi _obuild/arboviz_lib/Tree.cmi
#move: ${temp}/Tree.cmo _obuild/arboviz_lib/Tree.cmo
#CACHE was 8c2792fb75f896d5737cee326fdadd74
#NO NEED FOR EXECUTION CONFIRMED
#RULE 19 : 64fd1f9d408c31856810515fc8879e19 -> 642ac6506f9c993163518c4a7a1824a3 if OK
#target:_obuild/arboviz_lib/Tree.cmi
#target:_obuild/arboviz_lib/Tree.cmx
#target:_obuild/arboviz_lib/Tree.o
#source:_obuild/arboviz_lib/Util.cmx 2049.1051916.1424690772
#source:_obuild/arboviz_lib/MyQueue.cmx 2049.1052070.1424788978
#source:src/Tree.ml 2049.1051746.1424791387
#source:_obuild/arboviz_lib/Tree.mlmods ok 0.0.0
#command: '/home/aram/.opam/4.02.1/bin/ocamlopt.opt' '-g' '-bin-annot' '-c' '-o' '${temp}/Tree.cmx' '-I' './_obuild/arboviz_lib' '-I' './src' 'src/Tree.ml'
#move: ${temp}/Tree.cmi _obuild/arboviz_lib/Tree.cmi
#move: ${temp}/Tree.cmx _obuild/arboviz_lib/Tree.cmx
#move: ${temp}/Tree.o _obuild/arboviz_lib/Tree.o
#CACHE was 642ac6506f9c993163518c4a7a1824a3
#NO NEED FOR EXECUTION CONFIRMED
#RULE 20 : 4bcdcffb93a8e2ff1ef50e35cbbbf1be -> f569587967094cde9b017d6703c0996d if OK
#target:_obuild/arboviz_lib/Backend.mlimods
#source:src/Backend.mli 2049.1063189.1423925919
#command: '/home/aram/.opam/4.02.1/bin/ocamldep.opt' '-modules' '-I' './_obuild/arboviz_lib' '-I' './src' 'src/Backend.mli'
#CACHE was f569587967094cde9b017d6703c0996d
#NO NEED FOR EXECUTION CONFIRMED
#RULE 23 : dc78d72d4a4e6c60011afc24c0c1a14d -> b4b2559fe81008ca7310e837429e974e if OK
#target:_obuild/arboviz_lib/Backend.cmi
#source:_obuild/arboviz_lib/Tree.cmo 2049.1051963.1424791393
#source:src/Backend.mli 2049.1063189.1423925919
#source:_obuild/arboviz_lib/Backend.mlimods ok 0.0.0
#command: '/home/aram/.opam/4.02.1/bin/ocamlc.opt' '-g' '-bin-annot' '-c' '-o' 'src/Backend.cmi' '-I' './_obuild/arboviz_lib' '-I' './src' 'src/Backend.mli'
#move: src/Backend.cmi _obuild/arboviz_lib/Backend.cmi
#CACHE was b4b2559fe81008ca7310e837429e974e
#NO NEED FOR EXECUTION CONFIRMED
#RULE 24 : 874f2ccfbf3c25c5ff36c5b076dec233 -> 7782fdc4b130327088f7a6b7cdfed894 if OK
#target:_obuild/arboviz_lib/Frontend.mlimods
#source:src/Frontend.mli 2049.1063190.1423925919
#command: '/home/aram/.opam/4.02.1/bin/ocamldep.opt' '-modules' '-I' './_obuild/arboviz_lib' '-I' './src' 'src/Frontend.mli'
#CACHE was 7782fdc4b130327088f7a6b7cdfed894
#NO NEED FOR EXECUTION CONFIRMED
#RULE 27 : 4d46c0eda0b4039f8145c7d0cd890c93 -> 02f4b8dd70fe93df96e9e5a402559564 if OK
#target:_obuild/arboviz_lib/Frontend.cmi
#source:_obuild/arboviz_lib/Tree.cmo 2049.1051963.1424791393
#source:src/Frontend.mli 2049.1063190.1423925919
#source:_obuild/arboviz_lib/Frontend.mlimods ok 0.0.0
#command: '/home/aram/.opam/4.02.1/bin/ocamlc.opt' '-g' '-bin-annot' '-c' '-o' 'src/Frontend.cmi' '-I' './_obuild/arboviz_lib' '-I' './src' 'src/Frontend.mli'
#move: src/Frontend.cmi _obuild/arboviz_lib/Frontend.cmi
#CACHE was 02f4b8dd70fe93df96e9e5a402559564
#NO NEED FOR EXECUTION CONFIRMED
#RULE 28 : 04c3f3efeffd8ab6c8e5234b40e996c2 -> 900548375b5dbbe021b7317a52ae2f0b if OK
#target:_obuild/arboviz_lib/Options.mlmods
#source:src/Options.ml 2049.1063193.1423925919
#command: '/home/aram/.opam/4.02.1/bin/ocamldep.opt' '-modules' '-I' './_obuild/arboviz_lib' '-I' './src' 'src/Options.ml'
#CACHE was 900548375b5dbbe021b7317a52ae2f0b
#NO NEED FOR EXECUTION CONFIRMED
#RULE 31 : cdd0114a193d69656dc7e672ca7ffc14 -> c017c0807c9083a22f6ebf4ae649dfec if OK
#target:_obuild/arboviz_lib/Options.cmi
#target:_obuild/arboviz_lib/Options.cmo
#source:src/Options.ml 2049.1063193.1423925919
#source:_obuild/arboviz_lib/Options.mlmods ok 0.0.0
#command: '/home/aram/.opam/4.02.1/bin/ocamlc.opt' '-g' '-bin-annot' '-c' '-o' '${temp}/Options.cmo' '-I' './_obuild/arboviz_lib' '-I' './src' 'src/Options.ml'
#move: ${temp}/Options.cmi _obuild/arboviz_lib/Options.cmi
#move: ${temp}/Options.cmo _obuild/arboviz_lib/Options.cmo
#CACHE was c017c0807c9083a22f6ebf4ae649dfec
#NO NEED FOR EXECUTION CONFIRMED
#RULE 32 : fda50cc9c1620fd01023aaecb2a423e7 -> 5612ff9912667e51d684b79e9d429e96 if OK
#target:_obuild/arboviz_lib/Options.cmi
#target:_obuild/arboviz_lib/Options.cmx
#target:_obuild/arboviz_lib/Options.o
#source:src/Options.ml 2049.1063193.1423925919
#source:_obuild/arboviz_lib/Options.mlmods ok 0.0.0
#command: '/home/aram/.opam/4.02.1/bin/ocamlopt.opt' '-g' '-bin-annot' '-c' '-o' '${temp}/Options.cmx' '-I' './_obuild/arboviz_lib' '-I' './src' 'src/Options.ml'
#move: ${temp}/Options.cmi _obuild/arboviz_lib/Options.cmi
#move: ${temp}/Options.cmx _obuild/arboviz_lib/Options.cmx
#move: ${temp}/Options.o _obuild/arboviz_lib/Options.o
#CACHE was 5612ff9912667e51d684b79e9d429e96
#NO NEED FOR EXECUTION CONFIRMED
#RULE 33 : b5e37d407f85254a482b60def0780c71 -> 2686b54f7f3af2081de0fd505f593216 if OK
#target:_obuild/arboviz_lib/arboviz_lib.cma
#source:_obuild/arboviz_lib/Util.cmi 2049.1051903.1424690772
#source:_obuild/arboviz_lib/Util.cmo 2049.1051739.1424690772
#source:_obuild/arboviz_lib/MyQueue.cmi 2049.1052011.1424788978
#source:_obuild/arboviz_lib/MyQueue.cmo 2049.1052021.1424788978
#source:_obuild/arboviz_lib/Tree.cmi 2049.1052075.1424791393
#source:_obuild/arboviz_lib/Tree.cmo 2049.1051963.1424791393
#source:_obuild/arboviz_lib/Backend.cmi 2049.1052103.1424791393
#source:_obuild/arboviz_lib/Frontend.cmi 2049.1052079.1424791393
#source:_obuild/arboviz_lib/Options.cmi 2049.1051974.1424690772
#source:_obuild/arboviz_lib/Options.cmo 2049.1051966.1424690772
#command: '/home/aram/.opam/4.02.1/bin/ocamlc.opt' '-g' '-a' '-o' '_obuild/arboviz_lib/arboviz_lib.cma' '_obuild/arboviz_lib/Util.cmo' '_obuild/arboviz_lib/MyQueue.cmo' '_obuild/arboviz_lib/Tree.cmo' '_obuild/arboviz_lib/Options.cmo'
#CACHE was d80a7af3fe73d6c5959946c456b2bba9
#EXECUTION WOULD BE NEEDED
#RULE 34 : e2a574d7e8c0a84c1506e0517b923d33 -> e0590c746e7fe97a2a3d30fdd8ec716c if OK
#target:_obuild/arboviz_lib/arboviz_lib.a
#target:_obuild/arboviz_lib/arboviz_lib.cmxa
#source:_obuild/arboviz_lib/Util.cmi 2049.1051903.1424690772
#source:_obuild/arboviz_lib/Util.cmx 2049.1051916.1424690772
#source:_obuild/arboviz_lib/Util.o 2049.1051910.1424690772
#source:_obuild/arboviz_lib/MyQueue.cmi 2049.1052011.1424788978
#source:_obuild/arboviz_lib/MyQueue.cmx 2049.1052070.1424788978
#source:_obuild/arboviz_lib/MyQueue.o 2049.1051745.1424788978
#source:_obuild/arboviz_lib/Tree.cmi 2049.1052075.1424791393
#source:_obuild/arboviz_lib/Tree.cmx 2049.1052087.1424791394
#source:_obuild/arboviz_lib/Tree.o 2049.1052072.1424791394
#source:_obuild/arboviz_lib/Backend.cmi 2049.1052103.1424791393
#source:_obuild/arboviz_lib/Frontend.cmi 2049.1052079.1424791393
#source:_obuild/arboviz_lib/Options.cmi 2049.1051974.1424690772
#source:_obuild/arboviz_lib/Options.cmx 2049.1051981.1424690772
#source:_obuild/arboviz_lib/Options.o 2049.1051978.1424690772
#command: '/home/aram/.opam/4.02.1/bin/ocamlopt.opt' '-g' '-a' '-o' 'src/arboviz_lib.cmxa' '_obuild/arboviz_lib/Util.cmx' '_obuild/arboviz_lib/MyQueue.cmx' '_obuild/arboviz_lib/Tree.cmx' '_obuild/arboviz_lib/Options.cmx'
#move: src/arboviz_lib.cmxa _obuild/arboviz_lib/arboviz_lib.cmxa
#move: src/arboviz_lib.a _obuild/arboviz_lib/arboviz_lib.a
#CACHE was 2ae56bca3f1eb5d822285fa71668b267
#EXECUTION WOULD BE NEEDED
#RULE 35 : 39f1346b186b0fcba521cd55a75eb811 -> 9d72016f28e75cf6a17a7a57c9b894d9 if OK
#target:_obuild/util_frontend/UtilFrontend.mlmods
#source:src/frontends/UtilFrontend.ml 2049.1063207.1423925919
#command: '/home/aram/.opam/4.02.1/bin/ocamldep.opt' '-modules' '-I' './_obuild/util_frontend' '-I' './src/frontends' '-I' './_obuild/arboviz_lib' '-I' './src' 'src/frontends/UtilFrontend.ml'
#CACHE was 9d72016f28e75cf6a17a7a57c9b894d9
#NO NEED FOR EXECUTION CONFIRMED
#RULE 38 : a75482799f1a2af76e3872a6a181e565 -> bdad19980546dc8471be56e7f1c8d57a if OK
#target:_obuild/util_frontend/UtilFrontend.cmi
#target:_obuild/util_frontend/UtilFrontend.cmo
#source:_obuild/arboviz_lib/Tree.cmo 2049.1051963.1424791393
#source:src/frontends/UtilFrontend.ml 2049.1063207.1423925919
#source:_obuild/util_frontend/UtilFrontend.mlmods ok 0.0.0
#command: '/home/aram/.opam/4.02.1/bin/ocamlc.opt' '-g' '-bin-annot' '-c' '-o' '${temp}/UtilFrontend.cmo' '-I' './_obuild/util_frontend' '-I' './src/frontends' '-I' './_obuild/arboviz_lib' '-I' './src' 'src/frontends/UtilFrontend.ml'
#move: ${temp}/UtilFrontend.cmi _obuild/util_frontend/UtilFrontend.cmi
#move: ${temp}/UtilFrontend.cmo _obuild/util_frontend/UtilFrontend.cmo
#CACHE was bdad19980546dc8471be56e7f1c8d57a
#NO NEED FOR EXECUTION CONFIRMED
#RULE 39 : 2e10a4bd5f6f68790ef324d89dd7719b -> e3dd49b1e52e5773868b44b67dadb2a2 if OK
#target:_obuild/util_frontend/UtilFrontend.cmi
#target:_obuild/util_frontend/UtilFrontend.cmx
#target:_obuild/util_frontend/UtilFrontend.o
#source:_obuild/arboviz_lib/Tree.cmx 2049.1052087.1424791394
#source:src/frontends/UtilFrontend.ml 2049.1063207.1423925919
#source:_obuild/util_frontend/UtilFrontend.mlmods ok 0.0.0
#command: '/home/aram/.opam/4.02.1/bin/ocamlopt.opt' '-g' '-bin-annot' '-c' '-o' '${temp}/UtilFrontend.cmx' '-I' './_obuild/util_frontend' '-I' './src/frontends' '-I' './_obuild/arboviz_lib' '-I' './src' 'src/frontends/UtilFrontend.ml'
#move: ${temp}/UtilFrontend.cmi _obuild/util_frontend/UtilFrontend.cmi
#move: ${temp}/UtilFrontend.cmx _obuild/util_frontend/UtilFrontend.cmx
#move: ${temp}/UtilFrontend.o _obuild/util_frontend/UtilFrontend.o
#CACHE was e3dd49b1e52e5773868b44b67dadb2a2
#NO NEED FOR EXECUTION CONFIRMED
#RULE 40 : f51638f3643f82af0fe56ed60673d234 -> e052b25e3c8da66295abbdd0ea02bb09 if OK
#target:_obuild/util_frontend/util_frontend.cma
#source:_obuild/util_frontend/UtilFrontend.cmi 2049.1052057.1424791394
#source:_obuild/util_frontend/UtilFrontend.cmo 2049.1052099.1424791393
#command: '/home/aram/.opam/4.02.1/bin/ocamlc.opt' '-g' '-a' '-o' '_obuild/util_frontend/util_frontend.cma' '_obuild/util_frontend/UtilFrontend.cmo'
#CACHE was 67e4625e2ce3d9eca77becf451ba4dc3
#EXECUTION WOULD BE NEEDED
#RULE 41 : d151cbb0deeb98000b54f18e01031510 -> 5a7ecc150824bf9cad2a063ec36fce54 if OK
#target:_obuild/util_frontend/util_frontend.a
#target:_obuild/util_frontend/util_frontend.cmxa
#source:_obuild/util_frontend/UtilFrontend.cmi 2049.1052057.1424791394
#source:_obuild/util_frontend/UtilFrontend.cmx 2049.1052080.1424791394
#source:_obuild/util_frontend/UtilFrontend.o 2049.1052081.1424791394
#command: '/home/aram/.opam/4.02.1/bin/ocamlopt.opt' '-g' '-a' '-o' 'src/frontends/util_frontend.cmxa' '_obuild/util_frontend/UtilFrontend.cmx'
#move: src/frontends/util_frontend.cmxa _obuild/util_frontend/util_frontend.cmxa
#move: src/frontends/util_frontend.a _obuild/util_frontend/util_frontend.a
#CACHE was df8b6a7bfaf63259c9ebdd89b92a741e
#EXECUTION WOULD BE NEEDED
#RULE 46 : 45607dd18774e1fbf58cd7d2a1873dd0 -> bbefb6892e3439efc7f88eeed0c702fe if OK
#target:_obuild/arb_frontend/temp/ArbParser.ml
#target:_obuild/arb_frontend/temp/ArbParser.mli
#source:src/frontends/arb/ArbParser.mly 2049.1063211.1423925919
#command: '/home/aram/.opam/4.02.1/bin/ocamlyacc' 'src/frontends/arb/ArbParser.mly'
#move: src/frontends/arb/ArbParser.ml _obuild/arb_frontend/temp/ArbParser.ml
#move: src/frontends/arb/ArbParser.mli _obuild/arb_frontend/temp/ArbParser.mli
#CACHE was bbefb6892e3439efc7f88eeed0c702fe
#NO NEED FOR EXECUTION CONFIRMED
#RULE 42 : f5edd2ae94bfcaad8bc4efd5de95b365 -> f8cc34deb3c61120426a7aa5545936e2 if OK
#target:_obuild/arb_frontend/ArbParser.mlimods
#source:_obuild/arb_frontend/temp/ArbParser.mli 2049.1051960.1424690772
#command: '/home/aram/.opam/4.02.1/bin/ocamldep.opt' '-modules' '-I' './_obuild/arb_frontend' '-I' './src/frontends/arb' '-I' './_obuild/util_frontend' '-I' './src/frontends' '-I' './_obuild/arboviz_lib' '-I' './src' '_obuild/arb_frontend/temp/ArbParser.mli'
#CACHE was f8cc34deb3c61120426a7aa5545936e2
#NO NEED FOR EXECUTION CONFIRMED
#RULE 45 : f07b073107d780b157dd8fcb5e7477c9 -> 32ce1b51c489eba1adc8e095b91ef379 if OK
#target:_obuild/arb_frontend/ArbParser.cmi
#source:_obuild/arboviz_lib/Tree.cmo 2049.1051963.1424791393
#source:_obuild/arb_frontend/temp/ArbParser.mli 2049.1051960.1424690772
#source:_obuild/arb_frontend/ArbParser.mlimods ok 0.0.0
#command: '/home/aram/.opam/4.02.1/bin/ocamlc.opt' '-g' '-bin-annot' '-c' '-o' '_obuild/arb_frontend/temp/ArbParser.cmi' '-I' './_obuild/arb_frontend' '-I' './src/frontends/arb' '-I' './_obuild/util_frontend' '-I' './src/frontends' '-I' './_obuild/arboviz_lib' '-I' './src' '_obuild/arb_frontend/temp/ArbParser.mli'
#move: _obuild/arb_frontend/temp/ArbParser.cmi _obuild/arb_frontend/ArbParser.cmi
#CACHE was 32ce1b51c489eba1adc8e095b91ef379
#NO NEED FOR EXECUTION CONFIRMED
#RULE 47 : 6c09d547a4f65f1915cc8c1ec2289119 -> 65b23e4bdfb5f877909d216d4df22df4 if OK
#target:_obuild/arb_frontend/ArbParser.mlmods
#source:_obuild/arb_frontend/temp/ArbParser.ml 2049.1051958.1424690772
#command: '/home/aram/.opam/4.02.1/bin/ocamldep.opt' '-modules' '-I' './_obuild/arb_frontend' '-I' './src/frontends/arb' '-I' './_obuild/util_frontend' '-I' './src/frontends' '-I' './_obuild/arboviz_lib' '-I' './src' '_obuild/arb_frontend/temp/ArbParser.ml'
#CACHE was 65b23e4bdfb5f877909d216d4df22df4
#NO NEED FOR EXECUTION CONFIRMED
#RULE 50 : dc104fff2b0a3530ddc9fbc374bab048 -> 8a1f9dd6f67cbd1e15316d3e11403025 if OK
#target:_obuild/arb_frontend/ArbParser.cmo
#source:_obuild/arboviz_lib/Tree.cmo 2049.1051963.1424791393
#source:_obuild/util_frontend/UtilFrontend.cmo 2049.1052099.1424791393
#source:_obuild/arb_frontend/temp/ArbParser.ml 2049.1051958.1424690772
#source:_obuild/arb_frontend/ArbParser.cmi 2049.1052106.1424791393
#source:_obuild/arb_frontend/ArbParser.mlmods ok 0.0.0
#command: '/home/aram/.opam/4.02.1/bin/ocamlc.opt' '-g' '-bin-annot' '-c' '-o' '${temp}/ArbParser.cmo' '-I' './_obuild/arb_frontend' '-I' './src/frontends/arb' '-I' './_obuild/util_frontend' '-I' './src/frontends' '-I' './_obuild/arboviz_lib' '-I' './src' '_obuild/arb_frontend/temp/ArbParser.ml'
#move: ${temp}/ArbParser.cmo _obuild/arb_frontend/ArbParser.cmo
#CACHE was 8a1f9dd6f67cbd1e15316d3e11403025
#NO NEED FOR EXECUTION CONFIRMED
#RULE 51 : 7effbd77fb00e47221a37172908dedd3 -> 2a10add69f7e0dd09eb47b9c0be5c047 if OK
#target:_obuild/arb_frontend/ArbParser.cmx
#target:_obuild/arb_frontend/ArbParser.o
#source:_obuild/arboviz_lib/Tree.cmx 2049.1052087.1424791394
#source:_obuild/util_frontend/UtilFrontend.cmx 2049.1052080.1424791394
#source:_obuild/arb_frontend/temp/ArbParser.ml 2049.1051958.1424690772
#source:_obuild/arb_frontend/ArbParser.cmi 2049.1052106.1424791393
#source:_obuild/arb_frontend/ArbParser.mlmods ok 0.0.0
#command: '/home/aram/.opam/4.02.1/bin/ocamlopt.opt' '-g' '-bin-annot' '-c' '-o' '${temp}/ArbParser.cmx' '-I' './_obuild/arb_frontend' '-I' './src/frontends/arb' '-I' './_obuild/util_frontend' '-I' './src/frontends' '-I' './_obuild/arboviz_lib' '-I' './src' '_obuild/arb_frontend/temp/ArbParser.ml'
#move: ${temp}/ArbParser.cmx _obuild/arb_frontend/ArbParser.cmx
#move: ${temp}/ArbParser.o _obuild/arb_frontend/ArbParser.o
#CACHE was 2a10add69f7e0dd09eb47b9c0be5c047
#NO NEED FOR EXECUTION CONFIRMED
#RULE 52 : bb699dbcea5d91d270e89d254b7418fd -> f884930a4841ff9a48333066a06e0207 if OK
#target:_obuild/arb_frontend/temp/ArbLexer.ml
#source:src/frontends/arb/ArbLexer.mll 2049.1063210.1423925919
#command: '/home/aram/.opam/4.02.1/bin/ocamllex.opt' '-o' '_obuild/arb_frontend/temp/ArbLexer.ml' 'src/frontends/arb/ArbLexer.mll'
#CACHE was f884930a4841ff9a48333066a06e0207
#NO NEED FOR EXECUTION CONFIRMED
#RULE 53 : 08c1faa68e8a1e0f6c7a29cdab72184c -> 7680b0b388b88d9037ac0a2dfc178f9f if OK
#target:_obuild/arb_frontend/ArbLexer.mlmods
#source:_obuild/arb_frontend/temp/ArbLexer.ml 2049.1051987.1424690772
#command: '/home/aram/.opam/4.02.1/bin/ocamldep.opt' '-modules' '-I' './_obuild/arb_frontend' '-I' './src/frontends/arb' '-I' './_obuild/util_frontend' '-I' './src/frontends' '-I' './_obuild/arboviz_lib' '-I' './src' '_obuild/arb_frontend/temp/ArbLexer.ml'
#CACHE was 7680b0b388b88d9037ac0a2dfc178f9f
#NO NEED FOR EXECUTION CONFIRMED
#RULE 56 : 8effb60dc0a60ce0e756631f0cd2230a -> 5fa603154c8d14d3aaa2115b4763f984 if OK
#target:_obuild/arb_frontend/ArbLexer.cmi
#target:_obuild/arb_frontend/ArbLexer.cmo
#source:_obuild/arb_frontend/ArbParser.cmi 2049.1052106.1424791393
#source:_obuild/arb_frontend/temp/ArbLexer.ml 2049.1051987.1424690772
#source:_obuild/arb_frontend/ArbLexer.mlmods ok 0.0.0
#command: '/home/aram/.opam/4.02.1/bin/ocamlc.opt' '-g' '-bin-annot' '-c' '-o' '${temp}/ArbLexer.cmo' '-I' './_obuild/arb_frontend' '-I' './src/frontends/arb' '-I' './_obuild/util_frontend' '-I' './src/frontends' '-I' './_obuild/arboviz_lib' '-I' './src' '_obuild/arb_frontend/temp/ArbLexer.ml'
#move: ${temp}/ArbLexer.cmi _obuild/arb_frontend/ArbLexer.cmi
#move: ${temp}/ArbLexer.cmo _obuild/arb_frontend/ArbLexer.cmo
#CACHE was 5fa603154c8d14d3aaa2115b4763f984
#NO NEED FOR EXECUTION CONFIRMED
#RULE 57 : dbe65e128352e14e3271c23c33b51632 -> 390d0e973304ad50306ee3c5e6ead943 if OK
#target:_obuild/arb_frontend/ArbLexer.cmi
#target:_obuild/arb_frontend/ArbLexer.cmx
#target:_obuild/arb_frontend/ArbLexer.o
#source:_obuild/arb_frontend/ArbParser.cmx 2049.1052113.1424791394
#source:_obuild/arb_frontend/temp/ArbLexer.ml 2049.1051987.1424690772
#source:_obuild/arb_frontend/ArbLexer.mlmods ok 0.0.0
#command: '/home/aram/.opam/4.02.1/bin/ocamlopt.opt' '-g' '-bin-annot' '-c' '-o' '${temp}/ArbLexer.cmx' '-I' './_obuild/arb_frontend' '-I' './src/frontends/arb' '-I' './_obuild/util_frontend' '-I' './src/frontends' '-I' './_obuild/arboviz_lib' '-I' './src' '_obuild/arb_frontend/temp/ArbLexer.ml'
#move: ${temp}/ArbLexer.cmi _obuild/arb_frontend/ArbLexer.cmi
#move: ${temp}/ArbLexer.cmx _obuild/arb_frontend/ArbLexer.cmx
#move: ${temp}/ArbLexer.o _obuild/arb_frontend/ArbLexer.o
#CACHE was 390d0e973304ad50306ee3c5e6ead943
#NO NEED FOR EXECUTION CONFIRMED
#RULE 58 : 263b963362eaf6ab1f2c5680ff7fca38 -> d1faa5f5615a9466f9d5b4f4620d559a if OK
#target:_obuild/arb_frontend/ArbFrontend.mlmods
#source:src/frontends/arb/ArbFrontend.ml 2049.1063209.1423925919
#command: '/home/aram/.opam/4.02.1/bin/ocamldep.opt' '-modules' '-I' './_obuild/arb_frontend' '-I' './src/frontends/arb' '-I' './_obuild/util_frontend' '-I' './src/frontends' '-I' './_obuild/arboviz_lib' '-I' './src' 'src/frontends/arb/ArbFrontend.ml'
#CACHE was d1faa5f5615a9466f9d5b4f4620d559a
#NO NEED FOR EXECUTION CONFIRMED
#RULE 61 : c688e33b01b3cd2667ee60f44c9714fe -> c26b62d8e57b46c35ece8abd039fb091 if OK
#target:_obuild/arb_frontend/ArbFrontend.cmi
#target:_obuild/arb_frontend/ArbFrontend.cmo
#source:_obuild/arboviz_lib/Frontend.cmi 2049.1052079.1424791393
#source:_obuild/arb_frontend/ArbParser.cmi 2049.1052106.1424791393
#source:_obuild/arb_frontend/ArbLexer.cmo 2049.1052090.1424791393
#source:src/frontends/arb/ArbFrontend.ml 2049.1063209.1423925919
#source:_obuild/arb_frontend/ArbFrontend.mlmods ok 0.0.0
#command: '/home/aram/.opam/4.02.1/bin/ocamlc.opt' '-g' '-bin-annot' '-c' '-o' '${temp}/ArbFrontend.cmo' '-I' './_obuild/arb_frontend' '-I' './src/frontends/arb' '-I' './_obuild/util_frontend' '-I' './src/frontends' '-I' './_obuild/arboviz_lib' '-I' './src' 'src/frontends/arb/ArbFrontend.ml'
#move: ${temp}/ArbFrontend.cmi _obuild/arb_frontend/ArbFrontend.cmi
#move: ${temp}/ArbFrontend.cmo _obuild/arb_frontend/ArbFrontend.cmo
#CACHE was c26b62d8e57b46c35ece8abd039fb091
#NO NEED FOR EXECUTION CONFIRMED
#RULE 62 : 471613e4b1cd2fa51a4e66463743d755 -> a9a6275946189bd581f8b487bb7d88cf if OK
#target:_obuild/arb_frontend/ArbFrontend.cmi
#target:_obuild/arb_frontend/ArbFrontend.cmx
#target:_obuild/arb_frontend/ArbFrontend.o
#source:_obuild/arboviz_lib/Frontend.cmi 2049.1052079.1424791393
#source:_obuild/arb_frontend/ArbParser.cmx 2049.1052113.1424791394
#source:_obuild/arb_frontend/ArbLexer.cmx 2049.1052012.1424791394
#source:src/frontends/arb/ArbFrontend.ml 2049.1063209.1423925919
#source:_obuild/arb_frontend/ArbFrontend.mlmods ok 0.0.0
#command: '/home/aram/.opam/4.02.1/bin/ocamlopt.opt' '-g' '-bin-annot' '-c' '-o' '${temp}/ArbFrontend.cmx' '-I' './_obuild/arb_frontend' '-I' './src/frontends/arb' '-I' './_obuild/util_frontend' '-I' './src/frontends' '-I' './_obuild/arboviz_lib' '-I' './src' 'src/frontends/arb/ArbFrontend.ml'
#move: ${temp}/ArbFrontend.cmi _obuild/arb_frontend/ArbFrontend.cmi
#move: ${temp}/ArbFrontend.cmx _obuild/arb_frontend/ArbFrontend.cmx
#move: ${temp}/ArbFrontend.o _obuild/arb_frontend/ArbFrontend.o
#CACHE was a9a6275946189bd581f8b487bb7d88cf
#NO NEED FOR EXECUTION CONFIRMED
#RULE 63 : e030a3dae188ca0c64fb3d764b4be6b3 -> 685b0e71388b77b71937725b81f6cb74 if OK
#target:_obuild/arb_frontend/arb_frontend.cma
#source:_obuild/arb_frontend/ArbParser.cmi 2049.1052106.1424791393
#source:_obuild/arb_frontend/ArbParser.cmo 2049.1052111.1424791393
#source:_obuild/arb_frontend/ArbLexer.cmi 2049.1052064.1424791394
#source:_obuild/arb_frontend/ArbLexer.cmo 2049.1052090.1424791393
#source:_obuild/arb_frontend/ArbFrontend.cmi 2049.1052110.1424791394
#source:_obuild/arb_frontend/ArbFrontend.cmo 2049.1052069.1424791393
#command: '/home/aram/.opam/4.02.1/bin/ocamlc.opt' '-g' '-a' '-o' '_obuild/arb_frontend/arb_frontend.cma' '_obuild/arb_frontend/ArbParser.cmo' '_obuild/arb_frontend/ArbLexer.cmo' '_obuild/arb_frontend/ArbFrontend.cmo'
#CACHE was f371eb0fc6e975d1d3911dc06befded8
#EXECUTION WOULD BE NEEDED
#RULE 64 : ce5c88dd0aef36b9bd47a16d8e1a7a33 -> 1dc558123cc481b525638000036721e1 if OK
#target:_obuild/arb_frontend/arb_frontend.a
#target:_obuild/arb_frontend/arb_frontend.cmxa
#source:_obuild/arb_frontend/ArbParser.cmi 2049.1052106.1424791393
#source:_obuild/arb_frontend/ArbParser.cmx 2049.1052113.1424791394
#source:_obuild/arb_frontend/ArbParser.o 2049.1052061.1424791394
#source:_obuild/arb_frontend/ArbLexer.cmi 2049.1052064.1424791394
#source:_obuild/arb_frontend/ArbLexer.cmx 2049.1052012.1424791394
#source:_obuild/arb_frontend/ArbLexer.o 2049.1052054.1424791394
#source:_obuild/arb_frontend/ArbFrontend.cmi 2049.1052110.1424791394
#source:_obuild/arb_frontend/ArbFrontend.cmx 2049.1051693.1424791394
#source:_obuild/arb_frontend/ArbFrontend.o 2049.1052100.1424791394
#command: '/home/aram/.opam/4.02.1/bin/ocamlopt.opt' '-g' '-a' '-o' 'src/frontends/arb/arb_frontend.cmxa' '_obuild/arb_frontend/ArbParser.cmx' '_obuild/arb_frontend/ArbLexer.cmx' '_obuild/arb_frontend/ArbFrontend.cmx'
#move: src/frontends/arb/arb_frontend.cmxa _obuild/arb_frontend/arb_frontend.cmxa
#move: src/frontends/arb/arb_frontend.a _obuild/arb_frontend/arb_frontend.a
#CACHE was 5b0fb6627032a8c3d6028b211f1be13a
#EXECUTION WOULD BE NEEDED
#RULE 69 : 181c0ba35b3af317bf09a01cb3a6410c -> 722c8e234d12302a583fd9e975408cde if OK
#target:_obuild/dot_frontend/temp/DotParser.ml
#target:_obuild/dot_frontend/temp/DotParser.mli
#source:src/frontends/dot/DotParser.mly 2049.1063216.1423925919
#command: '/home/aram/.opam/4.02.1/bin/ocamlyacc' 'src/frontends/dot/DotParser.mly'
#move: src/frontends/dot/DotParser.ml _obuild/dot_frontend/temp/DotParser.ml
#move: src/frontends/dot/DotParser.mli _obuild/dot_frontend/temp/DotParser.mli
#CACHE was 722c8e234d12302a583fd9e975408cde
#NO NEED FOR EXECUTION CONFIRMED
#RULE 65 : 0cbe1a5372f6b3866b0a6bad3c9c9c01 -> e583d804512471eaf92f758d35096038 if OK
#target:_obuild/dot_frontend/DotParser.mlimods
#source:_obuild/dot_frontend/temp/DotParser.mli 2049.1051992.1424690772
#command: '/home/aram/.opam/4.02.1/bin/ocamldep.opt' '-modules' '-I' './_obuild/dot_frontend' '-I' './src/frontends/dot' '-I' './_obuild/util_frontend' '-I' './src/frontends' '-I' './_obuild/arboviz_lib' '-I' './src' '_obuild/dot_frontend/temp/DotParser.mli'
#CACHE was e583d804512471eaf92f758d35096038
#NO NEED FOR EXECUTION CONFIRMED
#RULE 68 : ce48e00088734d17046f1fbf8ff4a122 -> f7a9adbc9d6e39f81c87435ee085777c if OK
#target:_obuild/dot_frontend/DotParser.cmi
#source:_obuild/arboviz_lib/Tree.cmo 2049.1051963.1424791393
#source:_obuild/dot_frontend/temp/DotParser.mli 2049.1051992.1424690772
#source:_obuild/dot_frontend/DotParser.mlimods ok 0.0.0
#command: '/home/aram/.opam/4.02.1/bin/ocamlc.opt' '-g' '-bin-annot' '-c' '-o' '_obuild/dot_frontend/temp/DotParser.cmi' '-I' './_obuild/dot_frontend' '-I' './src/frontends/dot' '-I' './_obuild/util_frontend' '-I' './src/frontends' '-I' './_obuild/arboviz_lib' '-I' './src' '_obuild/dot_frontend/temp/DotParser.mli'
#move: _obuild/dot_frontend/temp/DotParser.cmi _obuild/dot_frontend/DotParser.cmi
#CACHE was f7a9adbc9d6e39f81c87435ee085777c
#NO NEED FOR EXECUTION CONFIRMED
#RULE 70 : 5c836421008063bbf3310f4ca382fb2b -> 990fd07fb66bf8a6cacc919fe4337ca6 if OK
#target:_obuild/dot_frontend/DotParser.mlmods
#source:_obuild/dot_frontend/temp/DotParser.ml 2049.1051984.1424690772
#command: '/home/aram/.opam/4.02.1/bin/ocamldep.opt' '-modules' '-I' './_obuild/dot_frontend' '-I' './src/frontends/dot' '-I' './_obuild/util_frontend' '-I' './src/frontends' '-I' './_obuild/arboviz_lib' '-I' './src' '_obuild/dot_frontend/temp/DotParser.ml'
#CACHE was 990fd07fb66bf8a6cacc919fe4337ca6
#NO NEED FOR EXECUTION CONFIRMED
#RULE 73 : 65ed57b435eca49a3e7d78d154eb720a -> f6ef9cb13bd89513ad80578fc8bf3ede if OK
#target:_obuild/dot_frontend/DotParser.cmo
#source:_obuild/arboviz_lib/Tree.cmo 2049.1051963.1424791393
#source:_obuild/util_frontend/UtilFrontend.cmo 2049.1052099.1424791393
#source:_obuild/dot_frontend/temp/DotParser.ml 2049.1051984.1424690772
#source:_obuild/dot_frontend/DotParser.cmi 2049.1052095.1424791393
#source:_obuild/dot_frontend/DotParser.mlmods ok 0.0.0
#command: '/home/aram/.opam/4.02.1/bin/ocamlc.opt' '-g' '-bin-annot' '-c' '-o' '${temp}/DotParser.cmo' '-I' './_obuild/dot_frontend' '-I' './src/frontends/dot' '-I' './_obuild/util_frontend' '-I' './src/frontends' '-I' './_obuild/arboviz_lib' '-I' './src' '_obuild/dot_frontend/temp/DotParser.ml'
#move: ${temp}/DotParser.cmo _obuild/dot_frontend/DotParser.cmo
#CACHE was f6ef9cb13bd89513ad80578fc8bf3ede
#NO NEED FOR EXECUTION CONFIRMED
#RULE 74 : f4ceeccf865d49394658f2183370955e -> d1ad6288cbf25870cbbff13c080a8720 if OK
#target:_obuild/dot_frontend/DotParser.cmx
#target:_obuild/dot_frontend/DotParser.o
#source:_obuild/arboviz_lib/Tree.cmx 2049.1052087.1424791394
#source:_obuild/util_frontend/UtilFrontend.cmx 2049.1052080.1424791394
#source:_obuild/dot_frontend/temp/DotParser.ml 2049.1051984.1424690772
#source:_obuild/dot_frontend/DotParser.cmi 2049.1052095.1424791393
#source:_obuild/dot_frontend/DotParser.mlmods ok 0.0.0
#command: '/home/aram/.opam/4.02.1/bin/ocamlopt.opt' '-g' '-bin-annot' '-c' '-o' '${temp}/DotParser.cmx' '-I' './_obuild/dot_frontend' '-I' './src/frontends/dot' '-I' './_obuild/util_frontend' '-I' './src/frontends' '-I' './_obuild/arboviz_lib' '-I' './src' '_obuild/dot_frontend/temp/DotParser.ml'
#move: ${temp}/DotParser.cmx _obuild/dot_frontend/DotParser.cmx
#move: ${temp}/DotParser.o _obuild/dot_frontend/DotParser.o
#CACHE was d1ad6288cbf25870cbbff13c080a8720
#NO NEED FOR EXECUTION CONFIRMED
#RULE 75 : 227e07c412f26868329dd43acb05a8a5 -> 1c0ceda7afccdfbd1a3bba2ec4eeaaac if OK
#target:_obuild/dot_frontend/temp/DotLexer.ml
#source:src/frontends/dot/DotLexer.mll 2049.1063215.1423925919
#command: '/home/aram/.opam/4.02.1/bin/ocamllex.opt' '-o' '_obuild/dot_frontend/temp/DotLexer.ml' 'src/frontends/dot/DotLexer.mll'
#CACHE was 1c0ceda7afccdfbd1a3bba2ec4eeaaac
#NO NEED FOR EXECUTION CONFIRMED
#RULE 76 : 128864a60758ce8e7ddf85df841de1dd -> 54cacab81fd95da6135c3f73af8dd2e2 if OK
#target:_obuild/dot_frontend/DotLexer.mlmods
#source:_obuild/dot_frontend/temp/DotLexer.ml 2049.1051995.1424690772
#command: '/home/aram/.opam/4.02.1/bin/ocamldep.opt' '-modules' '-I' './_obuild/dot_frontend' '-I' './src/frontends/dot' '-I' './_obuild/util_frontend' '-I' './src/frontends' '-I' './_obuild/arboviz_lib' '-I' './src' '_obuild/dot_frontend/temp/DotLexer.ml'
#CACHE was 54cacab81fd95da6135c3f73af8dd2e2
#NO NEED FOR EXECUTION CONFIRMED
#RULE 79 : a64ed0377b655d00f8b311a333ba1776 -> 7db9ef0e2e359f2eca8d4b6570598c8a if OK
#target:_obuild/dot_frontend/DotLexer.cmi
#target:_obuild/dot_frontend/DotLexer.cmo
#source:_obuild/dot_frontend/DotParser.cmi 2049.1052095.1424791393
#source:_obuild/dot_frontend/temp/DotLexer.ml 2049.1051995.1424690772
#source:_obuild/dot_frontend/DotLexer.mlmods ok 0.0.0
#command: '/home/aram/.opam/4.02.1/bin/ocamlc.opt' '-g' '-bin-annot' '-c' '-o' '${temp}/DotLexer.cmo' '-I' './_obuild/dot_frontend' '-I' './src/frontends/dot' '-I' './_obuild/util_frontend' '-I' './src/frontends' '-I' './_obuild/arboviz_lib' '-I' './src' '_obuild/dot_frontend/temp/DotLexer.ml'
#move: ${temp}/DotLexer.cmi _obuild/dot_frontend/DotLexer.cmi
#move: ${temp}/DotLexer.cmo _obuild/dot_frontend/DotLexer.cmo
#CACHE was 7db9ef0e2e359f2eca8d4b6570598c8a
#NO NEED FOR EXECUTION CONFIRMED
#RULE 80 : 37cee689746a68ffff54233677dd15b1 -> ded0fa923cc62f067cf8e58eb3165a36 if OK
#target:_obuild/dot_frontend/DotLexer.cmi
#target:_obuild/dot_frontend/DotLexer.cmx
#target:_obuild/dot_frontend/DotLexer.o
#source:_obuild/dot_frontend/DotParser.cmx 2049.1052121.1424791394
#source:_obuild/dot_frontend/temp/DotLexer.ml 2049.1051995.1424690772
#source:_obuild/dot_frontend/DotLexer.mlmods ok 0.0.0
#command: '/home/aram/.opam/4.02.1/bin/ocamlopt.opt' '-g' '-bin-annot' '-c' '-o' '${temp}/DotLexer.cmx' '-I' './_obuild/dot_frontend' '-I' './src/frontends/dot' '-I' './_obuild/util_frontend' '-I' './src/frontends' '-I' './_obuild/arboviz_lib' '-I' './src' '_obuild/dot_frontend/temp/DotLexer.ml'
#move: ${temp}/DotLexer.cmi _obuild/dot_frontend/DotLexer.cmi
#move: ${temp}/DotLexer.cmx _obuild/dot_frontend/DotLexer.cmx
#move: ${temp}/DotLexer.o _obuild/dot_frontend/DotLexer.o
#CACHE was ded0fa923cc62f067cf8e58eb3165a36
#NO NEED FOR EXECUTION CONFIRMED
#RULE 81 : 3f755e85ff91b34f771885bcddaa998a -> 74c1f0057ebb1c7bd7fc87f0820dac64 if OK
#target:_obuild/dot_frontend/DotFrontend.mlmods
#source:src/frontends/dot/DotFrontend.ml 2049.1063214.1423925919
#command: '/home/aram/.opam/4.02.1/bin/ocamldep.opt' '-modules' '-I' './_obuild/dot_frontend' '-I' './src/frontends/dot' '-I' './_obuild/util_frontend' '-I' './src/frontends' '-I' './_obuild/arboviz_lib' '-I' './src' 'src/frontends/dot/DotFrontend.ml'
#CACHE was 74c1f0057ebb1c7bd7fc87f0820dac64
#NO NEED FOR EXECUTION CONFIRMED
#RULE 84 : fad4117d15728cd932fb2aa7eee63b3f -> 3052d58bb59f1d1ca545626c6c7ab731 if OK
#target:_obuild/dot_frontend/DotFrontend.cmi
#target:_obuild/dot_frontend/DotFrontend.cmo
#source:_obuild/arboviz_lib/Frontend.cmi 2049.1052079.1424791393
#source:_obuild/dot_frontend/DotParser.cmi 2049.1052095.1424791393
#source:_obuild/dot_frontend/DotLexer.cmo 2049.1051940.1424791394
#source:src/frontends/dot/DotFrontend.ml 2049.1063214.1423925919
#source:_obuild/dot_frontend/DotFrontend.mlmods ok 0.0.0
#command: '/home/aram/.opam/4.02.1/bin/ocamlc.opt' '-g' '-bin-annot' '-c' '-o' '${temp}/DotFrontend.cmo' '-I' './_obuild/dot_frontend' '-I' './src/frontends/dot' '-I' './_obuild/util_frontend' '-I' './src/frontends' '-I' './_obuild/arboviz_lib' '-I' './src' 'src/frontends/dot/DotFrontend.ml'
#move: ${temp}/DotFrontend.cmi _obuild/dot_frontend/DotFrontend.cmi
#move: ${temp}/DotFrontend.cmo _obuild/dot_frontend/DotFrontend.cmo
#CACHE was 3052d58bb59f1d1ca545626c6c7ab731
#NO NEED FOR EXECUTION CONFIRMED
#RULE 85 : 71fba5cd7b7156e5c2e877127baae835 -> 22d88d712a219bc81d4c1a8f4de0724a if OK
#target:_obuild/dot_frontend/DotFrontend.cmi
#target:_obuild/dot_frontend/DotFrontend.cmx
#target:_obuild/dot_frontend/DotFrontend.o
#source:_obuild/arboviz_lib/Frontend.cmi 2049.1052079.1424791393
#source:_obuild/dot_frontend/DotParser.cmx 2049.1052121.1424791394
#source:_obuild/dot_frontend/DotLexer.cmx 2049.1052122.1424791394
#source:src/frontends/dot/DotFrontend.ml 2049.1063214.1423925919
#source:_obuild/dot_frontend/DotFrontend.mlmods ok 0.0.0
#command: '/home/aram/.opam/4.02.1/bin/ocamlopt.opt' '-g' '-bin-annot' '-c' '-o' '${temp}/DotFrontend.cmx' '-I' './_obuild/dot_frontend' '-I' './src/frontends/dot' '-I' './_obuild/util_frontend' '-I' './src/frontends' '-I' './_obuild/arboviz_lib' '-I' './src' 'src/frontends/dot/DotFrontend.ml'
#move: ${temp}/DotFrontend.cmi _obuild/dot_frontend/DotFrontend.cmi
#move: ${temp}/DotFrontend.cmx _obuild/dot_frontend/DotFrontend.cmx
#move: ${temp}/DotFrontend.o _obuild/dot_frontend/DotFrontend.o
#CACHE was 22d88d712a219bc81d4c1a8f4de0724a
#NO NEED FOR EXECUTION CONFIRMED
#RULE 86 : b274dd4de8e735ee153544123040f1f5 -> 7b066724dfa9f1ad88001a710d4cad70 if OK
#target:_obuild/dot_frontend/dot_frontend.cma
#source:_obuild/dot_frontend/DotParser.cmi 2049.1052095.1424791393
#source:_obuild/dot_frontend/DotParser.cmo 2049.1052117.1424791394
#source:_obuild/dot_frontend/DotLexer.cmi 2049.1052065.1424791394
#source:_obuild/dot_frontend/DotLexer.cmo 2049.1051940.1424791394
#source:_obuild/dot_frontend/DotFrontend.cmi 2049.1052046.1424791394
#source:_obuild/dot_frontend/DotFrontend.cmo 2049.1052094.1424791394
#command: '/home/aram/.opam/4.02.1/bin/ocamlc.opt' '-g' '-a' '-o' '_obuild/dot_frontend/dot_frontend.cma' '_obuild/dot_frontend/DotParser.cmo' '_obuild/dot_frontend/DotLexer.cmo' '_obuild/dot_frontend/DotFrontend.cmo'
#CACHE was b89cd0c08db210857dd4240238156528
#EXECUTION WOULD BE NEEDED
#RULE 87 : 8bb4ecb00f9bb8e6e1436b16a51fd3b5 -> 366350d01a36590ac718d47a1192b658 if OK
#target:_obuild/dot_frontend/dot_frontend.a
#target:_obuild/dot_frontend/dot_frontend.cmxa
#source:_obuild/dot_frontend/DotParser.cmi 2049.1052095.1424791393
#source:_obuild/dot_frontend/DotParser.cmx 2049.1052121.1424791394
#source:_obuild/dot_frontend/DotParser.o 2049.1052083.1424791394
#source:_obuild/dot_frontend/DotLexer.cmi 2049.1052065.1424791394
#source:_obuild/dot_frontend/DotLexer.cmx 2049.1052122.1424791394
#source:_obuild/dot_frontend/DotLexer.o 2049.1052091.1424791394
#source:_obuild/dot_frontend/DotFrontend.cmi 2049.1052046.1424791394
#source:_obuild/dot_frontend/DotFrontend.cmx 2049.1052126.1424791394
#source:_obuild/dot_frontend/DotFrontend.o 2049.1052053.1424791394
#command: '/home/aram/.opam/4.02.1/bin/ocamlopt.opt' '-g' '-a' '-o' 'src/frontends/dot/dot_frontend.cmxa' '_obuild/dot_frontend/DotParser.cmx' '_obuild/dot_frontend/DotLexer.cmx' '_obuild/dot_frontend/DotFrontend.cmx'
#move: src/frontends/dot/dot_frontend.cmxa _obuild/dot_frontend/dot_frontend.cmxa
#move: src/frontends/dot/dot_frontend.a _obuild/dot_frontend/dot_frontend.a
#CACHE was 5f378eb21619df29ab33520c34b516b8
#EXECUTION WOULD BE NEEDED
#RULE 88 : a126f7fe59b9aaca828bd0c84a998a49 -> 36caed910ef9950f1050e78bdb8caeea if OK
#target:_obuild/util_backend/UtilBackend.mlmods
#source:src/backends/UtilBackend.ml 2049.1063198.1423925919
#command: '/home/aram/.opam/4.02.1/bin/ocamldep.opt' '-modules' '-I' './_obuild/util_backend' '-I' './src/backends' '-I' './_obuild/arboviz_lib' '-I' './src' 'src/backends/UtilBackend.ml'
#CACHE was 36caed910ef9950f1050e78bdb8caeea
#NO NEED FOR EXECUTION CONFIRMED
#RULE 91 : 1f6f3060cda2945100e6bacfe39fdeaa -> 71995bd6433a2332f37854c92bd665e4 if OK
#target:_obuild/util_backend/UtilBackend.cmi
#target:_obuild/util_backend/UtilBackend.cmo
#source:src/backends/UtilBackend.ml 2049.1063198.1423925919
#source:_obuild/util_backend/UtilBackend.mlmods ok 0.0.0
#command: '/home/aram/.opam/4.02.1/bin/ocamlc.opt' '-g' '-bin-annot' '-c' '-o' '${temp}/UtilBackend.cmo' '-I' './_obuild/util_backend' '-I' './src/backends' '-I' './_obuild/arboviz_lib' '-I' './src' 'src/backends/UtilBackend.ml'
#move: ${temp}/UtilBackend.cmi _obuild/util_backend/UtilBackend.cmi
#move: ${temp}/UtilBackend.cmo _obuild/util_backend/UtilBackend.cmo
#CACHE was 71995bd6433a2332f37854c92bd665e4
#NO NEED FOR EXECUTION CONFIRMED
#RULE 92 : efd6dac12f10afeb2437fee4dc837012 -> b5938a03e43861bff2b7835dccadf990 if OK
#target:_obuild/util_backend/UtilBackend.cmi
#target:_obuild/util_backend/UtilBackend.cmx
#target:_obuild/util_backend/UtilBackend.o
#source:src/backends/UtilBackend.ml 2049.1063198.1423925919
#source:_obuild/util_backend/UtilBackend.mlmods ok 0.0.0
#command: '/home/aram/.opam/4.02.1/bin/ocamlopt.opt' '-g' '-bin-annot' '-c' '-o' '${temp}/UtilBackend.cmx' '-I' './_obuild/util_backend' '-I' './src/backends' '-I' './_obuild/arboviz_lib' '-I' './src' 'src/backends/UtilBackend.ml'
#move: ${temp}/UtilBackend.cmi _obuild/util_backend/UtilBackend.cmi
#move: ${temp}/UtilBackend.cmx _obuild/util_backend/UtilBackend.cmx
#move: ${temp}/UtilBackend.o _obuild/util_backend/UtilBackend.o
#CACHE was b5938a03e43861bff2b7835dccadf990
#NO NEED FOR EXECUTION CONFIRMED
#RULE 93 : 59989f3da3b2b5a4595b7b3e12601311 -> 5ef326f6dc0bdac0fdeee16012aed796 if OK
#target:_obuild/util_backend/util_backend.cma
#source:_obuild/util_backend/UtilBackend.cmi 2049.1051862.1424690772
#source:_obuild/util_backend/UtilBackend.cmo 2049.1052033.1424690772
#command: '/home/aram/.opam/4.02.1/bin/ocamlc.opt' '-g' '-a' '-o' '_obuild/util_backend/util_backend.cma' '_obuild/util_backend/UtilBackend.cmo'
#CACHE was 5ef326f6dc0bdac0fdeee16012aed796
#NO NEED FOR EXECUTION CONFIRMED
#RULE 94 : 9768c8467c5cc3a021fbb2c3dc64f409 -> 81bb3c3620d5ee3b16c65e4158e787e0 if OK
#target:_obuild/util_backend/util_backend.a
#target:_obuild/util_backend/util_backend.cmxa
#source:_obuild/util_backend/UtilBackend.cmi 2049.1051862.1424690772
#source:_obuild/util_backend/UtilBackend.cmx 2049.1052022.1424690772
#source:_obuild/util_backend/UtilBackend.o 2049.1052044.1424690772
#command: '/home/aram/.opam/4.02.1/bin/ocamlopt.opt' '-g' '-a' '-o' 'src/backends/util_backend.cmxa' '_obuild/util_backend/UtilBackend.cmx'
#move: src/backends/util_backend.cmxa _obuild/util_backend/util_backend.cmxa
#move: src/backends/util_backend.a _obuild/util_backend/util_backend.a
#CACHE was 81bb3c3620d5ee3b16c65e4158e787e0
#NO NEED FOR EXECUTION CONFIRMED
#RULE 95 : f2b643ff088bfbe9ffebbe2524292036 -> 620e51f282ad19c6317f4e1fd438ad81 if OK
#target:_obuild/dot_backend/DotBackend.mlmods
#source:src/backends/dot/DotBackend.ml 2049.1063201.1423925919
#command: '/home/aram/.opam/4.02.1/bin/ocamldep.opt' '-modules' '-I' './_obuild/dot_backend' '-I' './src/backends/dot' '-I' './_obuild/util_backend' '-I' './src/backends' '-I' './_obuild/arboviz_lib' '-I' './src' 'src/backends/dot/DotBackend.ml'
#CACHE was 620e51f282ad19c6317f4e1fd438ad81
#NO NEED FOR EXECUTION CONFIRMED
#RULE 98 : 1a500102feaab67777e6de98196a84c9 -> fb42427187c36982f0881ad177343210 if OK
#target:_obuild/dot_backend/DotBackend.cmi
#target:_obuild/dot_backend/DotBackend.cmo
#source:_obuild/arboviz_lib/Tree.cmo 2049.1051963.1424791393
#source:_obuild/arboviz_lib/Backend.cmi 2049.1052103.1424791393
#source:src/backends/dot/DotBackend.ml 2049.1063201.1423925919
#source:_obuild/dot_backend/DotBackend.mlmods ok 0.0.0
#command: '/home/aram/.opam/4.02.1/bin/ocamlc.opt' '-g' '-bin-annot' '-c' '-o' '${temp}/DotBackend.cmo' '-I' './_obuild/dot_backend' '-I' './src/backends/dot' '-I' './_obuild/util_backend' '-I' './src/backends' '-I' './_obuild/arboviz_lib' '-I' './src' 'src/backends/dot/DotBackend.ml'
#move: ${temp}/DotBackend.cmi _obuild/dot_backend/DotBackend.cmi
#move: ${temp}/DotBackend.cmo _obuild/dot_backend/DotBackend.cmo
#CACHE was fb42427187c36982f0881ad177343210
#NO NEED FOR EXECUTION CONFIRMED
#RULE 99 : 625c8a671fe1e177ff069532d701f762 -> d7910daeff97222b348933f549cbbb0c if OK
#target:_obuild/dot_backend/DotBackend.cmi
#target:_obuild/dot_backend/DotBackend.cmx
#target:_obuild/dot_backend/DotBackend.o
#source:_obuild/arboviz_lib/Tree.cmx 2049.1052087.1424791394
#source:_obuild/arboviz_lib/Backend.cmi 2049.1052103.1424791393
#source:src/backends/dot/DotBackend.ml 2049.1063201.1423925919
#source:_obuild/dot_backend/DotBackend.mlmods ok 0.0.0
#command: '/home/aram/.opam/4.02.1/bin/ocamlopt.opt' '-g' '-bin-annot' '-c' '-o' '${temp}/DotBackend.cmx' '-I' './_obuild/dot_backend' '-I' './src/backends/dot' '-I' './_obuild/util_backend' '-I' './src/backends' '-I' './_obuild/arboviz_lib' '-I' './src' 'src/backends/dot/DotBackend.ml'
#move: ${temp}/DotBackend.cmi _obuild/dot_backend/DotBackend.cmi
#move: ${temp}/DotBackend.cmx _obuild/dot_backend/DotBackend.cmx
#move: ${temp}/DotBackend.o _obuild/dot_backend/DotBackend.o
#CACHE was d7910daeff97222b348933f549cbbb0c
#NO NEED FOR EXECUTION CONFIRMED
#RULE 100 : 6202149e7fabec8d65dcaeb39c844402 -> 347147b141a1b61a15a70d2e142a6e83 if OK
#target:_obuild/dot_backend/dot_backend.cma
#source:_obuild/dot_backend/DotBackend.cmi 2049.1052060.1424791394
#source:_obuild/dot_backend/DotBackend.cmo 2049.1052115.1424791393
#command: '/home/aram/.opam/4.02.1/bin/ocamlc.opt' '-g' '-a' '-o' '_obuild/dot_backend/dot_backend.cma' '_obuild/dot_backend/DotBackend.cmo'
#CACHE was a6be1e775dae6d2a1356af3a94131fbb
#EXECUTION WOULD BE NEEDED
#RULE 101 : e4cc1fb6af9ab173dad017380aec3c75 -> d0efa99907565f7084b51785f8dfdfbc if OK
#target:_obuild/dot_backend/dot_backend.a
#target:_obuild/dot_backend/dot_backend.cmxa
#source:_obuild/dot_backend/DotBackend.cmi 2049.1052060.1424791394
#source:_obuild/dot_backend/DotBackend.cmx 2049.1052116.1424791394
#source:_obuild/dot_backend/DotBackend.o 2049.1052108.1424791394
#command: '/home/aram/.opam/4.02.1/bin/ocamlopt.opt' '-g' '-a' '-o' 'src/backends/dot/dot_backend.cmxa' '_obuild/dot_backend/DotBackend.cmx'
#move: src/backends/dot/dot_backend.cmxa _obuild/dot_backend/dot_backend.cmxa
#move: src/backends/dot/dot_backend.a _obuild/dot_backend/dot_backend.a
#CACHE was d078c23d5dda6368ecc9456402d97b10
#EXECUTION WOULD BE NEEDED
#RULE 102 : 28c32ce78ab1f86383c2fceccf46e388 -> 03a3189ae8929cd8dda6adc9bd534ce2 if OK
#target:_obuild/svg_backend/SvgBackend.mlmods
#source:src/backends/svg/SvgBackend.ml 2049.1063204.1423925919
#command: '/home/aram/.opam/4.02.1/bin/ocamldep.opt' '-modules' '-I' './_obuild/svg_backend' '-I' './src/backends/svg' '-I' './_obuild/util_backend' '-I' './src/backends' '-I' './_obuild/arboviz_lib' '-I' './src' 'src/backends/svg/SvgBackend.ml'
#CACHE was 03a3189ae8929cd8dda6adc9bd534ce2
#NO NEED FOR EXECUTION CONFIRMED
#RULE 105 : 0a40bbed76f563f6da13d23c42d7cb85 -> be612183214074e6ffb86a863e92aa4e if OK
#target:_obuild/svg_backend/SvgBackend.cmi
#target:_obuild/svg_backend/SvgBackend.cmo
#source:_obuild/arboviz_lib/Tree.cmo 2049.1051963.1424791393
#source:_obuild/arboviz_lib/Backend.cmi 2049.1052103.1424791393
#source:src/backends/svg/SvgBackend.ml 2049.1063204.1423925919
#source:_obuild/svg_backend/SvgBackend.mlmods ok 0.0.0
#command: '/home/aram/.opam/4.02.1/bin/ocamlc.opt' '-g' '-bin-annot' '-c' '-o' '${temp}/SvgBackend.cmo' '-I' './_obuild/svg_backend' '-I' './src/backends/svg' '-I' './_obuild/util_backend' '-I' './src/backends' '-I' './_obuild/arboviz_lib' '-I' './src' 'src/backends/svg/SvgBackend.ml'
#move: ${temp}/SvgBackend.cmi _obuild/svg_backend/SvgBackend.cmi
#move: ${temp}/SvgBackend.cmo _obuild/svg_backend/SvgBackend.cmo
#CACHE was be612183214074e6ffb86a863e92aa4e
#NO NEED FOR EXECUTION CONFIRMED
#RULE 106 : 14a1e4ca0602dc10db7cf30a0fcdd3c7 -> a83802d62b0f6f6351d35e1a1b3c94a8 if OK
#target:_obuild/svg_backend/SvgBackend.cmi
#target:_obuild/svg_backend/SvgBackend.cmx
#target:_obuild/svg_backend/SvgBackend.o
#source:_obuild/arboviz_lib/Tree.cmx 2049.1052087.1424791394
#source:_obuild/arboviz_lib/Backend.cmi 2049.1052103.1424791393
#source:src/backends/svg/SvgBackend.ml 2049.1063204.1423925919
#source:_obuild/svg_backend/SvgBackend.mlmods ok 0.0.0
#command: '/home/aram/.opam/4.02.1/bin/ocamlopt.opt' '-g' '-bin-annot' '-c' '-o' '${temp}/SvgBackend.cmx' '-I' './_obuild/svg_backend' '-I' './src/backends/svg' '-I' './_obuild/util_backend' '-I' './src/backends' '-I' './_obuild/arboviz_lib' '-I' './src' 'src/backends/svg/SvgBackend.ml'
#move: ${temp}/SvgBackend.cmi _obuild/svg_backend/SvgBackend.cmi
#move: ${temp}/SvgBackend.cmx _obuild/svg_backend/SvgBackend.cmx
#move: ${temp}/SvgBackend.o _obuild/svg_backend/SvgBackend.o
#CACHE was a83802d62b0f6f6351d35e1a1b3c94a8
#NO NEED FOR EXECUTION CONFIRMED
#RULE 107 : a54557f98bfdfdf7ea9ecf85181d943e -> c32b7d78c58301aa9ee964ca5b1f4e07 if OK
#target:_obuild/svg_backend/svg_backend.cma
#source:_obuild/svg_backend/SvgBackend.cmi 2049.1052086.1424791394
#source:_obuild/svg_backend/SvgBackend.cmo 2049.1052035.1424791394
#command: '/home/aram/.opam/4.02.1/bin/ocamlc.opt' '-g' '-a' '-o' '_obuild/svg_backend/svg_backend.cma' '_obuild/svg_backend/SvgBackend.cmo'
#CACHE was 66ecddbc8d29d2a6c39b79c6cffdfeee
#EXECUTION WOULD BE NEEDED
#RULE 108 : 4b05fc79b20c48e741cd773a93fdebc7 -> 9b8e73e9c0eafa88a6526796da950d23 if OK
#target:_obuild/svg_backend/svg_backend.a
#target:_obuild/svg_backend/svg_backend.cmxa
#source:_obuild/svg_backend/SvgBackend.cmi 2049.1052086.1424791394
#source:_obuild/svg_backend/SvgBackend.cmx 2049.1052098.1424791394
#source:_obuild/svg_backend/SvgBackend.o 2049.1052125.1424791394
#command: '/home/aram/.opam/4.02.1/bin/ocamlopt.opt' '-g' '-a' '-o' 'src/backends/svg/svg_backend.cmxa' '_obuild/svg_backend/SvgBackend.cmx'
#move: src/backends/svg/svg_backend.cmxa _obuild/svg_backend/svg_backend.cmxa
#move: src/backends/svg/svg_backend.a _obuild/svg_backend/svg_backend.a
#CACHE was a1c2d75882edaf2ca47a127495656fd9
#EXECUTION WOULD BE NEEDED
#RULE 109 : 282bafbe1eeae8093bd6b46572f2e004 -> f4bf23568d5c94b9cb31c8bfff67dd8f if OK
#target:_obuild/arboviz/Arboviz.mlmods
#source:src/Arboviz.ml 2049.1051503.1424270477
#command: '/home/aram/.opam/4.02.1/bin/ocamldep.opt' '-modules' '-I' './_obuild/arboviz' '-I' './src' '-I' './_obuild/backends' '-I' './src/backends' '-I' './_obuild/svg_backend' '-I' './src/backends/svg' '-I' './_obuild/dot_backend' '-I' './src/backends/dot' '-I' './_obuild/util_backend' '-I' './_obuild/frontends' '-I' './src/frontends' '-I' './_obuild/dot_frontend' '-I' './src/frontends/dot' '-I' './_obuild/arb_frontend' '-I' './src/frontends/arb' '-I' './_obuild/util_frontend' '-I' './_obuild/arboviz_lib' 'src/Arboviz.ml'
#CACHE was f4bf23568d5c94b9cb31c8bfff67dd8f
#NO NEED FOR EXECUTION CONFIRMED
#RULE 112 : 466dcb51eb4cc95949c5a0852a25eb89 -> a0a2b5f41a8d54dc9eb0732c6060caa0 if OK
#target:_obuild/arboviz/Arboviz.cmi
#target:_obuild/arboviz/Arboviz.cmo
#source:_obuild/arboviz_lib/Util.cmo 2049.1051739.1424690772
#source:_obuild/arboviz_lib/Tree.cmo 2049.1051963.1424791393
#source:_obuild/arboviz_lib/Options.cmo 2049.1051966.1424690772
#source:_obuild/arb_frontend/ArbFrontend.cmo 2049.1052069.1424791393
#source:_obuild/dot_frontend/DotFrontend.cmo 2049.1052094.1424791394
#source:_obuild/dot_backend/DotBackend.cmo 2049.1052115.1424791393
#source:_obuild/svg_backend/SvgBackend.cmo 2049.1052035.1424791394
#source:src/Arboviz.ml 2049.1051503.1424270477
#source:_obuild/arboviz/Arboviz.mlmods ok 0.0.0
#command: '/home/aram/.opam/4.02.1/bin/ocamlc.opt' '-g' '-bin-annot' '-c' '-o' '${temp}/Arboviz.cmo' '-I' './_obuild/arboviz' '-I' './src' '-I' './_obuild/backends' '-I' './src/backends' '-I' './_obuild/svg_backend' '-I' './src/backends/svg' '-I' './_obuild/dot_backend' '-I' './src/backends/dot' '-I' './_obuild/util_backend' '-I' './_obuild/frontends' '-I' './src/frontends' '-I' './_obuild/dot_frontend' '-I' './src/frontends/dot' '-I' './_obuild/arb_frontend' '-I' './src/frontends/arb' '-I' './_obuild/util_frontend' '-I' './_obuild/arboviz_lib' 'src/Arboviz.ml'
#move: ${temp}/Arboviz.cmi _obuild/arboviz/Arboviz.cmi
#move: ${temp}/Arboviz.cmo _obuild/arboviz/Arboviz.cmo
#CACHE was a0a2b5f41a8d54dc9eb0732c6060caa0
#NO NEED FOR EXECUTION CONFIRMED
#RULE 113 : ba2502ca78f4d2fc927251378437c562 -> 9b95d29c76d63c31191ee532d3950e3c if OK
#target:_obuild/arboviz/Arboviz.cmi
#target:_obuild/arboviz/Arboviz.cmx
#target:_obuild/arboviz/Arboviz.o
#source:_obuild/arboviz_lib/Util.cmx 2049.1051916.1424690772
#source:_obuild/arboviz_lib/Tree.cmx 2049.1052087.1424791394
#source:_obuild/arboviz_lib/Options.cmx 2049.1051981.1424690772
#source:_obuild/arb_frontend/ArbFrontend.cmx 2049.1051693.1424791394
#source:_obuild/dot_frontend/DotFrontend.cmx 2049.1052126.1424791394
#source:_obuild/dot_backend/DotBackend.cmx 2049.1052116.1424791394
#source:_obuild/svg_backend/SvgBackend.cmx 2049.1052098.1424791394
#source:src/Arboviz.ml 2049.1051503.1424270477
#source:_obuild/arboviz/Arboviz.mlmods ok 0.0.0
#command: '/home/aram/.opam/4.02.1/bin/ocamlopt.opt' '-g' '-bin-annot' '-c' '-o' '${temp}/Arboviz.cmx' '-I' './_obuild/arboviz' '-I' './src' '-I' './_obuild/backends' '-I' './src/backends' '-I' './_obuild/svg_backend' '-I' './src/backends/svg' '-I' './_obuild/dot_backend' '-I' './src/backends/dot' '-I' './_obuild/util_backend' '-I' './_obuild/frontends' '-I' './src/frontends' '-I' './_obuild/dot_frontend' '-I' './src/frontends/dot' '-I' './_obuild/arb_frontend' '-I' './src/frontends/arb' '-I' './_obuild/util_frontend' '-I' './_obuild/arboviz_lib' 'src/Arboviz.ml'
#move: ${temp}/Arboviz.cmi _obuild/arboviz/Arboviz.cmi
#move: ${temp}/Arboviz.cmx _obuild/arboviz/Arboviz.cmx
#move: ${temp}/Arboviz.o _obuild/arboviz/Arboviz.o
#CACHE was 9b95d29c76d63c31191ee532d3950e3c
#NO NEED FOR EXECUTION CONFIRMED
#RULE 114 : dfe251524aa5224b2531ff58fa69aa8d -> a9567b033ce8bb912153a2aa6810ac3f if OK
#target:_obuild/arboviz/arboviz.byte
#source:_obuild/arboviz_lib/arboviz_lib.cma 2049.1051977.1424793019
#source:_obuild/util_frontend/util_frontend.cma 2049.1051957.1424793019
#source:_obuild/arb_frontend/arb_frontend.cma 2049.1052014.1424793019
#source:_obuild/dot_frontend/dot_frontend.cma 2049.1052032.1424793019
#source:_obuild/util_backend/util_backend.cma 2049.1052041.1424690823
#source:_obuild/dot_backend/dot_backend.cma 2049.1052051.1424793019
#source:_obuild/svg_backend/svg_backend.cma 2049.1052063.1424793019
#source:_obuild/arboviz/Arboviz.cmi 2049.1052006.1424791394
#source:_obuild/arboviz/Arboviz.cmo 2049.1052019.1424791394
#command: '/home/aram/.opam/4.02.1/bin/ocamlc.opt' '-g' '-o' '_obuild/arboviz/arboviz.byte' '-I' './_obuild/arboviz' '-I' './src' '-I' './_obuild/backends' '-I' './src/backends' '-I' './_obuild/svg_backend' '-I' './src/backends/svg' '-I' './_obuild/dot_backend' '-I' './src/backends/dot' '-I' './_obuild/util_backend' '-I' './_obuild/frontends' '-I' './src/frontends' '-I' './_obuild/dot_frontend' '-I' './src/frontends/dot' '-I' './_obuild/arb_frontend' '-I' './src/frontends/arb' '-I' './_obuild/util_frontend' '-I' './_obuild/arboviz_lib' '-g' 'arboviz_lib.cma' '-g' 'util_frontend.cma' '-g' 'arb_frontend.cma' '-g' 'dot_frontend.cma' '-g' '-g' 'util_backend.cma' '-g' 'dot_backend.cma' '-g' 'svg_backend.cma' '-g' '_obuild/arboviz/Arboviz.cmo'
#CACHE was c5352c665eed2f4a0052285384efe15c
#EXECUTION WOULD BE NEEDED
#RULE 115 : e6f57be9f8466213c3f933a8a964ddd9 -> 4709e57e74493cb9f717bea831c39896 if OK
#target:_obuild/arboviz/arboviz.asm
#source:_obuild/arboviz_lib/arboviz_lib.cmxa 2049.1052008.1424793019
#source:_obuild/arboviz_lib/arboviz_lib.a 2049.1052076.1424793019
#source:_obuild/util_frontend/util_frontend.cmxa 2049.1052028.1424793019
#source:_obuild/util_frontend/util_frontend.a 2049.1052039.1424793019
#source:_obuild/arb_frontend/arb_frontend.cmxa 2049.1052084.1424793019
#source:_obuild/arb_frontend/arb_frontend.a 2049.1052052.1424793019
#source:_obuild/dot_frontend/dot_frontend.cmxa 2049.1052047.1424793019
#source:_obuild/dot_frontend/dot_frontend.a 2049.1052066.1424793019
#source:_obuild/util_backend/util_backend.cmxa 2049.1052071.1424690823
#source:_obuild/util_backend/util_backend.a 2049.1052082.1424690823
#source:_obuild/dot_backend/dot_backend.cmxa 2049.1052040.1424793019
#source:_obuild/dot_backend/dot_backend.a 2049.1052013.1424793019
#source:_obuild/svg_backend/svg_backend.cmxa 2049.1051997.1424793019
#source:_obuild/svg_backend/svg_backend.a 2049.1051959.1424793019
#source:_obuild/arboviz/Arboviz.cmi 2049.1052006.1424791394
#source:_obuild/arboviz/Arboviz.cmx 2049.1051988.1424791394
#source:_obuild/arboviz/Arboviz.o 2049.1052009.1424791394
#command: '/home/aram/.opam/4.02.1/bin/ocamlopt.opt' '-g' '-o' '_obuild/arboviz/arboviz.asm' '-I' './_obuild/arboviz' '-I' './src' '-I' './_obuild/backends' '-I' './src/backends' '-I' './_obuild/svg_backend' '-I' './src/backends/svg' '-I' './_obuild/dot_backend' '-I' './src/backends/dot' '-I' './_obuild/util_backend' '-I' './_obuild/frontends' '-I' './src/frontends' '-I' './_obuild/dot_frontend' '-I' './src/frontends/dot' '-I' './_obuild/arb_frontend' '-I' './src/frontends/arb' '-I' './_obuild/util_frontend' '-I' './_obuild/arboviz_lib' '-g' 'arboviz_lib.cmxa' '-g' 'util_frontend.cmxa' '-g' 'arb_frontend.cmxa' '-g' 'dot_frontend.cmxa' '-g' '-g' 'util_backend.cmxa' '-g' 'dot_backend.cmxa' '-g' 'svg_backend.cmxa' '-g' '_obuild/arboviz/Arboviz.cmx'
#CACHE was 570fc3f290528145becd0ccf2140812b
#EXECUTION WOULD BE NEEDED
